mode: atomic
github.com/simone-vibes/vibez/internal/vibe/agent.go:76.50,80.26 3 19
github.com/simone-vibes/vibez/internal/vibe/agent.go:80.26,81.33 1 65
github.com/simone-vibes/vibez/internal/vibe/agent.go:81.33,82.31 1 187
github.com/simone-vibes/vibez/internal/vibe/agent.go:82.31,83.50 1 351
github.com/simone-vibes/vibez/internal/vibe/agent.go:83.50,92.6 3 17
github.com/simone-vibes/vibez/internal/vibe/agent.go:98.2,103.3 1 2
github.com/simone-vibes/vibez/internal/vibe/agent.go:107.54,108.24 1 19
github.com/simone-vibes/vibez/internal/vibe/agent.go:108.24,110.3 1 1
github.com/simone-vibes/vibez/internal/vibe/agent.go:112.2,112.35 1 18
github.com/simone-vibes/vibez/cmd/auth.go:19.54,21.17 2 0
github.com/simone-vibes/vibez/cmd/auth.go:21.17,23.4 1 0
github.com/simone-vibes/vibez/cmd/auth.go:24.3,24.25 1 0
github.com/simone-vibes/vibez/cmd/auth.go:31.54,33.17 2 0
github.com/simone-vibes/vibez/cmd/auth.go:33.17,35.4 1 0
github.com/simone-vibes/vibez/cmd/auth.go:36.3,36.26 1 0
github.com/simone-vibes/vibez/cmd/auth.go:43.54,45.17 2 0
github.com/simone-vibes/vibez/cmd/auth.go:45.17,47.4 1 0
github.com/simone-vibes/vibez/cmd/auth.go:48.3,48.31 1 0
github.com/simone-vibes/vibez/cmd/auth.go:48.31,51.4 2 0
github.com/simone-vibes/vibez/cmd/auth.go:52.3,53.13 2 0
github.com/simone-vibes/vibez/cmd/auth.go:57.13,62.2 4 0
github.com/simone-vibes/vibez/cmd/root.go:25.16,26.42 1 0
github.com/simone-vibes/vibez/cmd/root.go:26.42,29.3 2 0
github.com/simone-vibes/vibez/cmd/root.go:32.13,35.2 2 0
github.com/simone-vibes/vibez/cmd/root.go:37.54,39.16 2 0
github.com/simone-vibes/vibez/cmd/root.go:39.16,41.3 1 0
github.com/simone-vibes/vibez/cmd/root.go:43.2,46.25 3 0
github.com/simone-vibes/vibez/cmd/root.go:46.25,48.3 1 0
github.com/simone-vibes/vibez/cmd/root.go:50.2,53.12 4 0
github.com/simone-vibes/vibez/cmd/version.go:13.47,15.3 1 0
github.com/simone-vibes/vibez/cmd/version.go:18.13,20.2 1 0
github.com/simone-vibes/vibez/main.go:5.13,7.2 1 0
github.com/simone-vibes/vibez/internal/player/mpris/mpris.go:32.34,34.16 2 0
github.com/simone-vibes/vibez/internal/player/mpris/mpris.go:34.16,36.3 1 0
github.com/simone-vibes/vibez/internal/player/mpris/mpris.go:38.2,39.16 2 0
github.com/simone-vibes/vibez/internal/player/mpris/mpris.go:39.16,42.3 2 0
github.com/simone-vibes/vibez/internal/player/mpris/mpris.go:44.2,52.15 4 0
github.com/simone-vibes/vibez/internal/player/mpris/mpris.go:56.50,58.97 2 0
github.com/simone-vibes/vibez/internal/player/mpris/mpris.go:58.97,60.3 1 0
github.com/simone-vibes/vibez/internal/player/mpris/mpris.go:62.2,63.26 2 0
github.com/simone-vibes/vibez/internal/player/mpris/mpris.go:63.26,64.54 1 0
github.com/simone-vibes/vibez/internal/player/mpris/mpris.go:64.54,66.4 1 0
github.com/simone-vibes/vibez/internal/player/mpris/mpris.go:68.2,68.23 1 0
github.com/simone-vibes/vibez/internal/player/mpris/mpris.go:68.23,70.3 1 0
github.com/simone-vibes/vibez/internal/player/mpris/mpris.go:71.2,71.35 1 0
github.com/simone-vibes/vibez/internal/player/mpris/mpris.go:76.44,78.33 2 4
github.com/simone-vibes/vibez/internal/player/mpris/mpris.go:78.33,79.29 1 7
github.com/simone-vibes/vibez/internal/player/mpris/mpris.go:79.29,80.50 1 12
github.com/simone-vibes/vibez/internal/player/mpris/mpris.go:80.50,82.5 1 2
github.com/simone-vibes/vibez/internal/player/mpris/mpris.go:85.2,85.19 1 2
github.com/simone-vibes/vibez/internal/player/mpris/mpris.go:88.62,90.2 1 0
github.com/simone-vibes/vibez/internal/player/mpris/mpris.go:92.70,96.2 3 0
github.com/simone-vibes/vibez/internal/player/mpris/mpris.go:98.63,100.2 1 0
github.com/simone-vibes/vibez/internal/player/mpris/mpris.go:102.40,102.65 1 0
github.com/simone-vibes/vibez/internal/player/mpris/mpris.go:103.40,103.66 1 0
github.com/simone-vibes/vibez/internal/player/mpris/mpris.go:104.40,104.65 1 0
github.com/simone-vibes/vibez/internal/player/mpris/mpris.go:105.40,105.65 1 0
github.com/simone-vibes/vibez/internal/player/mpris/mpris.go:106.40,106.69 1 0
github.com/simone-vibes/vibez/internal/player/mpris/mpris.go:108.53,112.16 2 0
github.com/simone-vibes/vibez/internal/player/mpris/mpris.go:112.16,114.3 1 0
github.com/simone-vibes/vibez/internal/player/mpris/mpris.go:115.2,116.86 2 0
github.com/simone-vibes/vibez/internal/player/mpris/mpris.go:119.50,121.2 1 0
github.com/simone-vibes/vibez/internal/player/mpris/mpris.go:123.57,125.2 1 0
github.com/simone-vibes/vibez/internal/player/mpris/mpris.go:127.55,133.2 5 0
github.com/simone-vibes/vibez/internal/player/mpris/mpris.go:135.37,138.2 2 0
github.com/simone-vibes/vibez/internal/player/mpris/mpris.go:143.69,145.38 2 7
github.com/simone-vibes/vibez/internal/player/mpris/mpris.go:145.38,147.3 1 3
github.com/simone-vibes/vibez/internal/player/mpris/mpris.go:148.2,148.38 1 7
github.com/simone-vibes/vibez/internal/player/mpris/mpris.go:148.38,150.3 1 1
github.com/simone-vibes/vibez/internal/player/mpris/mpris.go:151.2,151.39 1 7
github.com/simone-vibes/vibez/internal/player/mpris/mpris.go:151.39,153.3 1 1
github.com/simone-vibes/vibez/internal/player/mpris/mpris.go:154.2,154.39 1 7
github.com/simone-vibes/vibez/internal/player/mpris/mpris.go:154.39,157.3 2 3
github.com/simone-vibes/vibez/internal/player/mpris/mpris.go:158.2,158.39 1 7
github.com/simone-vibes/vibez/internal/player/mpris/mpris.go:158.39,160.23 2 4
github.com/simone-vibes/vibez/internal/player/mpris/mpris.go:160.23,162.4 1 3
github.com/simone-vibes/vibez/internal/player/mpris/mpris.go:164.2,164.10 1 7
github.com/simone-vibes/vibez/internal/player/mpris/mpris.go:167.67,169.16 2 0
github.com/simone-vibes/vibez/internal/player/mpris/mpris.go:169.16,171.3 1 0
github.com/simone-vibes/vibez/internal/player/mpris/mpris.go:172.2,173.9 2 0
github.com/simone-vibes/vibez/internal/player/mpris/mpris.go:173.9,175.3 1 0
github.com/simone-vibes/vibez/internal/player/mpris/mpris.go:176.2,176.18 1 0
github.com/simone-vibes/vibez/internal/player/mpris/mpris.go:179.58,181.16 2 0
github.com/simone-vibes/vibez/internal/player/mpris/mpris.go:181.16,183.3 1 0
github.com/simone-vibes/vibez/internal/player/mpris/mpris.go:184.2,200.17 8 0
github.com/simone-vibes/vibez/internal/player/mpris/mpris.go:200.17,202.3 1 0
github.com/simone-vibes/vibez/internal/player/mpris/mpris.go:204.2,204.19 1 0
github.com/simone-vibes/vibez/internal/player/mpris/mpris.go:207.30,212.6 4 0
github.com/simone-vibes/vibez/internal/player/mpris/mpris.go:212.6,213.10 1 0
github.com/simone-vibes/vibez/internal/player/mpris/mpris.go:214.17,215.10 1 0
github.com/simone-vibes/vibez/internal/player/mpris/mpris.go:216.19,218.18 2 0
github.com/simone-vibes/vibez/internal/player/mpris/mpris.go:218.18,219.13 1 0
github.com/simone-vibes/vibez/internal/player/mpris/mpris.go:221.4,221.30 1 0
github.com/simone-vibes/vibez/internal/player/mpris/mpris.go:221.30,224.31 3 0
github.com/simone-vibes/vibez/internal/player/mpris/mpris.go:224.31,225.13 1 0
github.com/simone-vibes/vibez/internal/player/mpris/mpris.go:226.20,226.20 0 0
github.com/simone-vibes/vibez/internal/player/mpris/mpris.go:227.14,227.14 0 0
github.com/simone-vibes/vibez/internal/player/mpris/mpris.go:230.5,230.18 1 0
github.com/simone-vibes/vibez/internal/player/mpris/mpris.go:236.43,237.52 1 9
github.com/simone-vibes/vibez/internal/player/mpris/mpris.go:237.52,239.3 1 2
github.com/simone-vibes/vibez/internal/player/mpris/mpris.go:240.2,240.38 1 7
github.com/simone-vibes/vibez/internal/player/mpris/mpris.go:240.38,242.3 1 1
github.com/simone-vibes/vibez/internal/player/mpris/mpris.go:243.2,243.38 1 6
github.com/simone-vibes/vibez/internal/player/mpris/mpris.go:243.38,245.3 1 2
github.com/simone-vibes/vibez/internal/player/mpris/mpris.go:246.2,246.75 1 4
github.com/simone-vibes/vibez/internal/config/config.go:21.25,28.2 1 5
github.com/simone-vibes/vibez/internal/config/config.go:30.50,31.20 1 14
github.com/simone-vibes/vibez/internal/config/config.go:31.20,33.3 1 12
github.com/simone-vibes/vibez/internal/config/config.go:34.2,35.16 2 2
github.com/simone-vibes/vibez/internal/config/config.go:35.16,37.3 1 0
github.com/simone-vibes/vibez/internal/config/config.go:38.2,38.68 1 2
github.com/simone-vibes/vibez/internal/config/config.go:41.45,43.16 2 6
github.com/simone-vibes/vibez/internal/config/config.go:43.16,45.3 1 0
github.com/simone-vibes/vibez/internal/config/config.go:47.2,48.24 2 6
github.com/simone-vibes/vibez/internal/config/config.go:48.24,50.48 2 1
github.com/simone-vibes/vibez/internal/config/config.go:50.48,52.4 1 0
github.com/simone-vibes/vibez/internal/config/config.go:53.3,54.18 2 1
github.com/simone-vibes/vibez/internal/config/config.go:56.2,56.16 1 5
github.com/simone-vibes/vibez/internal/config/config.go:56.16,58.3 1 1
github.com/simone-vibes/vibez/internal/config/config.go:60.2,61.50 2 4
github.com/simone-vibes/vibez/internal/config/config.go:61.50,63.3 1 1
github.com/simone-vibes/vibez/internal/config/config.go:64.2,64.17 1 3
github.com/simone-vibes/vibez/internal/config/config.go:67.46,69.16 2 5
github.com/simone-vibes/vibez/internal/config/config.go:69.16,71.3 1 0
github.com/simone-vibes/vibez/internal/config/config.go:72.2,72.21 1 5
github.com/simone-vibes/vibez/internal/config/config.go:75.42,76.63 1 6
github.com/simone-vibes/vibez/internal/config/config.go:76.63,78.3 1 0
github.com/simone-vibes/vibez/internal/config/config.go:79.2,80.16 2 6
github.com/simone-vibes/vibez/internal/config/config.go:80.16,82.3 1 0
github.com/simone-vibes/vibez/internal/config/config.go:83.2,83.40 1 6
github.com/simone-vibes/vibez/internal/tui/views/library.go:46.55,64.2 10 15
github.com/simone-vibes/vibez/internal/tui/views/library.go:66.39,68.2 1 1
github.com/simone-vibes/vibez/internal/tui/views/library.go:70.42,74.2 3 10
github.com/simone-vibes/vibez/internal/tui/views/library.go:76.48,79.24 3 2
github.com/simone-vibes/vibez/internal/tui/views/library.go:79.24,82.3 2 1
github.com/simone-vibes/vibez/internal/tui/views/library.go:85.45,88.24 3 2
github.com/simone-vibes/vibez/internal/tui/views/library.go:88.24,91.3 2 1
github.com/simone-vibes/vibez/internal/tui/views/library.go:94.69,95.27 1 9
github.com/simone-vibes/vibez/internal/tui/views/library.go:96.24,98.21 2 4
github.com/simone-vibes/vibez/internal/tui/views/library.go:98.21,99.19 1 3
github.com/simone-vibes/vibez/internal/tui/views/library.go:100.22,101.32 1 2
github.com/simone-vibes/vibez/internal/tui/views/library.go:102.19,103.26 1 1
github.com/simone-vibes/vibez/internal/tui/views/library.go:105.4,105.19 1 3
github.com/simone-vibes/vibez/internal/tui/views/library.go:107.3,107.16 1 4
github.com/simone-vibes/vibez/internal/tui/views/library.go:109.23,110.16 1 1
github.com/simone-vibes/vibez/internal/tui/views/library.go:110.16,114.4 3 1
github.com/simone-vibes/vibez/internal/tui/views/library.go:116.18,117.23 1 4
github.com/simone-vibes/vibez/internal/tui/views/library.go:118.14,120.51 2 3
github.com/simone-vibes/vibez/internal/tui/views/library.go:120.51,122.5 1 1
github.com/simone-vibes/vibez/internal/tui/views/library.go:123.4,124.17 2 2
github.com/simone-vibes/vibez/internal/tui/views/library.go:125.11,128.17 3 1
github.com/simone-vibes/vibez/internal/tui/views/library.go:132.2,134.15 3 0
github.com/simone-vibes/vibez/internal/tui/views/library.go:137.38,139.21 2 5
github.com/simone-vibes/vibez/internal/tui/views/library.go:140.20,141.34 1 3
github.com/simone-vibes/vibez/internal/tui/views/library.go:141.34,143.4 1 3
github.com/simone-vibes/vibez/internal/tui/views/library.go:144.17,145.30 1 0
github.com/simone-vibes/vibez/internal/tui/views/library.go:145.30,147.4 1 0
github.com/simone-vibes/vibez/internal/tui/views/library.go:149.2,149.24 1 5
github.com/simone-vibes/vibez/internal/tui/views/library.go:152.38,154.15 2 2
github.com/simone-vibes/vibez/internal/tui/views/library.go:154.15,156.3 1 1
github.com/simone-vibes/vibez/internal/tui/views/library.go:157.2,157.36 1 1
github.com/simone-vibes/vibez/internal/tui/views/library.go:160.44,163.34 3 2
github.com/simone-vibes/vibez/internal/tui/views/library.go:163.34,164.35 1 6
github.com/simone-vibes/vibez/internal/tui/views/library.go:164.35,166.4 1 2
github.com/simone-vibes/vibez/internal/tui/views/library.go:166.9,168.4 1 4
github.com/simone-vibes/vibez/internal/tui/views/library.go:170.2,171.145 1 2
github.com/simone-vibes/vibez/internal/tui/views/library.go:178.44,178.61 1 1
github.com/simone-vibes/vibez/internal/tui/views/library.go:179.44,179.93 1 1
github.com/simone-vibes/vibez/internal/tui/views/library.go:180.44,180.61 1 1
github.com/simone-vibes/vibez/internal/tui/views/library.go:184.45,184.65 1 1
github.com/simone-vibes/vibez/internal/tui/views/library.go:185.45,185.103 1 1
github.com/simone-vibes/vibez/internal/tui/views/library.go:186.45,186.84 1 1
github.com/simone-vibes/vibez/internal/tui/views/nowplaying.go:20.58,29.2 2 6
github.com/simone-vibes/vibez/internal/tui/views/nowplaying.go:31.53,34.2 2 1
github.com/simone-vibes/vibez/internal/tui/views/nowplaying.go:36.45,40.2 3 3
github.com/simone-vibes/vibez/internal/tui/views/nowplaying.go:42.51,42.52 0 1
github.com/simone-vibes/vibez/internal/tui/views/nowplaying.go:44.41,45.44 1 2
github.com/simone-vibes/vibez/internal/tui/views/nowplaying.go:45.44,47.3 1 1
github.com/simone-vibes/vibez/internal/tui/views/nowplaying.go:49.2,73.21 17 1
github.com/simone-vibes/vibez/internal/tui/views/nowplaying.go:73.21,75.3 1 1
github.com/simone-vibes/vibez/internal/tui/views/nowplaying.go:76.2,81.20 4 1
github.com/simone-vibes/vibez/internal/tui/views/nowplaying.go:81.20,83.3 1 1
github.com/simone-vibes/vibez/internal/tui/views/nowplaying.go:84.2,98.20 11 1
github.com/simone-vibes/vibez/internal/tui/views/nowplaying.go:101.31,103.13 2 8
github.com/simone-vibes/vibez/internal/tui/views/nowplaying.go:103.13,105.3 1 2
github.com/simone-vibes/vibez/internal/tui/views/nowplaying.go:106.2,106.11 1 6
github.com/simone-vibes/vibez/internal/tui/views/nowplaying.go:109.45,112.13 3 15
github.com/simone-vibes/vibez/internal/tui/views/nowplaying.go:112.13,114.3 1 1
github.com/simone-vibes/vibez/internal/tui/views/nowplaying.go:115.2,115.37 1 15
github.com/simone-vibes/vibez/internal/tui/views/nowplaying.go:118.47,122.2 3 3
github.com/simone-vibes/vibez/internal/tui/views/nowplaying.go:124.65,130.2 5 6
github.com/simone-vibes/vibez/internal/tui/views/nowplaying.go:132.34,136.2 3 5
github.com/simone-vibes/vibez/internal/tui/views/nowplaying.go:139.33,142.22 3 18
github.com/simone-vibes/vibez/internal/tui/views/nowplaying.go:142.22,143.18 1 365
github.com/simone-vibes/vibez/internal/tui/views/nowplaying.go:143.18,145.12 2 2
github.com/simone-vibes/vibez/internal/tui/views/nowplaying.go:147.3,147.15 1 363
github.com/simone-vibes/vibez/internal/tui/views/nowplaying.go:147.15,148.16 1 7
github.com/simone-vibes/vibez/internal/tui/views/nowplaying.go:148.16,150.5 1 2
github.com/simone-vibes/vibez/internal/tui/views/nowplaying.go:151.4,151.12 1 7
github.com/simone-vibes/vibez/internal/tui/views/nowplaying.go:153.3,153.22 1 356
github.com/simone-vibes/vibez/internal/tui/views/nowplaying.go:155.2,155.24 1 18
github.com/simone-vibes/vibez/internal/tui/views/queue.go:19.35,21.2 1 2
github.com/simone-vibes/vibez/internal/tui/views/queue.go:22.41,24.2 1 2
github.com/simone-vibes/vibez/internal/tui/views/queue.go:25.41,25.65 1 1
github.com/simone-vibes/vibez/internal/tui/views/queue.go:32.29,44.2 9 7
github.com/simone-vibes/vibez/internal/tui/views/queue.go:46.57,49.27 3 3
github.com/simone-vibes/vibez/internal/tui/views/queue.go:49.27,51.3 1 3
github.com/simone-vibes/vibez/internal/tui/views/queue.go:52.2,52.24 1 3
github.com/simone-vibes/vibez/internal/tui/views/queue.go:55.40,57.2 1 4
github.com/simone-vibes/vibez/internal/tui/views/queue.go:59.45,61.2 1 1
github.com/simone-vibes/vibez/internal/tui/views/queue.go:63.36,64.24 1 2
github.com/simone-vibes/vibez/internal/tui/views/queue.go:64.24,69.3 1 1
github.com/simone-vibes/vibez/internal/tui/views/queue.go:70.2,70.22 1 1
github.com/simone-vibes/vibez/internal/tui/views/queue.go:73.65,76.21 3 3
github.com/simone-vibes/vibez/internal/tui/views/queue.go:76.21,78.3 1 1
github.com/simone-vibes/vibez/internal/tui/views/queue.go:78.8,80.3 1 2
github.com/simone-vibes/vibez/internal/tui/views/queue.go:81.2,82.49 2 3
github.com/simone-vibes/vibez/internal/tui/views/search.go:31.53,52.2 13 11
github.com/simone-vibes/vibez/internal/tui/views/search.go:54.38,56.2 1 1
github.com/simone-vibes/vibez/internal/tui/views/search.go:58.31,60.2 1 3
github.com/simone-vibes/vibez/internal/tui/views/search.go:62.38,64.2 1 4
github.com/simone-vibes/vibez/internal/tui/views/search.go:66.41,71.2 4 6
github.com/simone-vibes/vibez/internal/tui/views/search.go:73.67,74.27 1 4
github.com/simone-vibes/vibez/internal/tui/views/search.go:75.23,76.42 1 1
github.com/simone-vibes/vibez/internal/tui/views/search.go:76.42,79.4 2 1
github.com/simone-vibes/vibez/internal/tui/views/search.go:80.3,80.16 1 1
github.com/simone-vibes/vibez/internal/tui/views/search.go:82.18,83.23 1 2
github.com/simone-vibes/vibez/internal/tui/views/search.go:84.14,86.17 2 1
github.com/simone-vibes/vibez/internal/tui/views/search.go:87.16,88.26 1 0
github.com/simone-vibes/vibez/internal/tui/views/search.go:88.26,92.5 3 0
github.com/simone-vibes/vibez/internal/tui/views/search.go:95.3,95.24 1 1
github.com/simone-vibes/vibez/internal/tui/views/search.go:95.24,99.28 4 1
github.com/simone-vibes/vibez/internal/tui/views/search.go:99.28,102.5 2 1
github.com/simone-vibes/vibez/internal/tui/views/search.go:103.4,103.17 1 0
github.com/simone-vibes/vibez/internal/tui/views/search.go:106.3,108.16 3 0
github.com/simone-vibes/vibez/internal/tui/views/search.go:111.2,111.15 1 1
github.com/simone-vibes/vibez/internal/tui/views/search.go:114.60,115.28 1 3
github.com/simone-vibes/vibez/internal/tui/views/search.go:115.28,117.3 1 0
github.com/simone-vibes/vibez/internal/tui/views/search.go:118.2,118.17 1 3
github.com/simone-vibes/vibez/internal/tui/views/search.go:118.17,120.3 1 1
github.com/simone-vibes/vibez/internal/tui/views/search.go:121.2,122.24 2 2
github.com/simone-vibes/vibez/internal/tui/views/search.go:122.24,127.3 3 0
github.com/simone-vibes/vibez/internal/tui/views/search.go:130.37,141.2 3 2
github.com/simone-vibes/vibez/internal/tui/views/search.go:147.41,149.2 1 2
github.com/simone-vibes/vibez/internal/tui/views/search.go:150.47,152.2 1 2
github.com/simone-vibes/vibez/internal/tui/views/search.go:153.47,153.67 1 1
github.com/simone-vibes/vibez/internal/tui/views/search.go:155.62,157.29 2 3
github.com/simone-vibes/vibez/internal/tui/views/search.go:157.29,159.3 1 4
github.com/simone-vibes/vibez/internal/tui/views/search.go:160.2,160.14 1 3
github.com/simone-vibes/vibez/internal/provider/apple/apple.go:25.45,31.2 1 20
github.com/simone-vibes/vibez/internal/provider/apple/apple.go:33.39,33.57 1 1
github.com/simone-vibes/vibez/internal/provider/apple/apple.go:36.48,36.67 1 16
github.com/simone-vibes/vibez/internal/provider/apple/apple.go:38.48,40.2 1 3
github.com/simone-vibes/vibez/internal/provider/apple/apple.go:42.105,44.16 2 17
github.com/simone-vibes/vibez/internal/provider/apple/apple.go:44.16,46.3 1 0
github.com/simone-vibes/vibez/internal/provider/apple/apple.go:47.2,49.17 3 17
github.com/simone-vibes/vibez/internal/provider/apple/apple.go:52.62,54.16 2 17
github.com/simone-vibes/vibez/internal/provider/apple/apple.go:54.16,56.3 1 1
github.com/simone-vibes/vibez/internal/provider/apple/apple.go:57.2,58.28 2 16
github.com/simone-vibes/vibez/internal/provider/apple/apple.go:58.28,60.3 1 5
github.com/simone-vibes/vibez/internal/provider/apple/apple.go:61.2,61.47 1 11
github.com/simone-vibes/vibez/internal/provider/apple/apple.go:72.50,77.2 4 13
github.com/simone-vibes/vibez/internal/provider/apple/apple.go:150.45,152.36 2 9
github.com/simone-vibes/vibez/internal/provider/apple/apple.go:152.36,154.3 1 1
github.com/simone-vibes/vibez/internal/provider/apple/apple.go:155.2,164.3 1 9
github.com/simone-vibes/vibez/internal/provider/apple/apple.go:167.46,175.2 1 1
github.com/simone-vibes/vibez/internal/provider/apple/apple.go:177.55,184.2 1 3
github.com/simone-vibes/vibez/internal/provider/apple/apple.go:188.99,193.16 3 7
github.com/simone-vibes/vibez/internal/provider/apple/apple.go:193.16,195.3 1 0
github.com/simone-vibes/vibez/internal/provider/apple/apple.go:197.2,198.41 2 7
github.com/simone-vibes/vibez/internal/provider/apple/apple.go:198.41,200.3 1 2
github.com/simone-vibes/vibez/internal/provider/apple/apple.go:202.2,203.44 2 5
github.com/simone-vibes/vibez/internal/provider/apple/apple.go:203.44,205.3 1 2
github.com/simone-vibes/vibez/internal/provider/apple/apple.go:206.2,206.45 1 5
github.com/simone-vibes/vibez/internal/provider/apple/apple.go:206.45,208.3 1 1
github.com/simone-vibes/vibez/internal/provider/apple/apple.go:209.2,209.48 1 5
github.com/simone-vibes/vibez/internal/provider/apple/apple.go:209.48,211.3 1 1
github.com/simone-vibes/vibez/internal/provider/apple/apple.go:212.2,212.20 1 5
github.com/simone-vibes/vibez/internal/provider/apple/apple.go:215.89,219.21 3 3
github.com/simone-vibes/vibez/internal/provider/apple/apple.go:219.21,221.17 2 4
github.com/simone-vibes/vibez/internal/provider/apple/apple.go:221.17,223.4 1 0
github.com/simone-vibes/vibez/internal/provider/apple/apple.go:224.3,225.42 2 4
github.com/simone-vibes/vibez/internal/provider/apple/apple.go:225.42,227.4 1 1
github.com/simone-vibes/vibez/internal/provider/apple/apple.go:228.3,228.31 1 3
github.com/simone-vibes/vibez/internal/provider/apple/apple.go:228.31,230.4 1 4
github.com/simone-vibes/vibez/internal/provider/apple/apple.go:231.3,231.23 1 3
github.com/simone-vibes/vibez/internal/provider/apple/apple.go:233.2,233.20 1 2
github.com/simone-vibes/vibez/internal/provider/apple/apple.go:236.95,240.21 3 2
github.com/simone-vibes/vibez/internal/provider/apple/apple.go:240.21,242.17 2 2
github.com/simone-vibes/vibez/internal/provider/apple/apple.go:242.17,244.4 1 0
github.com/simone-vibes/vibez/internal/provider/apple/apple.go:245.3,246.42 2 2
github.com/simone-vibes/vibez/internal/provider/apple/apple.go:246.42,248.4 1 1
github.com/simone-vibes/vibez/internal/provider/apple/apple.go:249.3,249.31 1 1
github.com/simone-vibes/vibez/internal/provider/apple/apple.go:249.31,251.4 1 2
github.com/simone-vibes/vibez/internal/provider/apple/apple.go:252.3,252.23 1 1
github.com/simone-vibes/vibez/internal/provider/apple/apple.go:254.2,254.23 1 1
github.com/simone-vibes/vibez/internal/provider/apple/apple.go:257.109,261.21 3 2
github.com/simone-vibes/vibez/internal/provider/apple/apple.go:261.21,263.17 2 2
github.com/simone-vibes/vibez/internal/provider/apple/apple.go:263.17,265.4 1 0
github.com/simone-vibes/vibez/internal/provider/apple/apple.go:266.3,267.42 2 2
github.com/simone-vibes/vibez/internal/provider/apple/apple.go:267.42,269.4 1 1
github.com/simone-vibes/vibez/internal/provider/apple/apple.go:270.3,270.31 1 1
github.com/simone-vibes/vibez/internal/provider/apple/apple.go:270.31,272.4 1 1
github.com/simone-vibes/vibez/internal/provider/apple/apple.go:273.3,273.23 1 1
github.com/simone-vibes/vibez/internal/provider/apple/apple.go:275.2,275.20 1 1
github.com/simone-vibes/vibez/internal/provider/apple/apple.go:278.103,281.16 3 2
github.com/simone-vibes/vibez/internal/provider/apple/apple.go:281.16,283.3 1 0
github.com/simone-vibes/vibez/internal/provider/apple/apple.go:284.2,285.41 2 2
github.com/simone-vibes/vibez/internal/provider/apple/apple.go:285.41,287.3 1 1
github.com/simone-vibes/vibez/internal/provider/apple/apple.go:288.2,289.30 2 1
github.com/simone-vibes/vibez/internal/provider/apple/apple.go:289.30,291.3 1 2
github.com/simone-vibes/vibez/internal/provider/apple/apple.go:292.2,292.20 1 1
github.com/simone-vibes/vibez/internal/tui/model.go:53.81,61.17 2 42
github.com/simone-vibes/vibez/internal/tui/model.go:61.17,63.3 1 14
github.com/simone-vibes/vibez/internal/tui/model.go:65.2,70.10 5 42
github.com/simone-vibes/vibez/internal/tui/model.go:73.32,79.22 2 1
github.com/simone-vibes/vibez/internal/tui/model.go:79.22,81.3 1 0
github.com/simone-vibes/vibez/internal/tui/model.go:82.2,82.27 1 1
github.com/simone-vibes/vibez/internal/tui/model.go:85.21,86.57 1 3
github.com/simone-vibes/vibez/internal/tui/model.go:86.57,88.3 1 0
github.com/simone-vibes/vibez/internal/tui/model.go:91.51,92.24 1 2
github.com/simone-vibes/vibez/internal/tui/model.go:92.24,94.3 1 1
github.com/simone-vibes/vibez/internal/tui/model.go:97.58,100.27 2 18
github.com/simone-vibes/vibez/internal/tui/model.go:101.25,107.47 6 1
github.com/simone-vibes/vibez/internal/tui/model.go:109.15,110.54 1 2
github.com/simone-vibes/vibez/internal/tui/model.go:110.54,112.4 1 1
github.com/simone-vibes/vibez/internal/tui/model.go:113.3,113.30 1 2
github.com/simone-vibes/vibez/internal/tui/model.go:115.22,118.47 3 1
github.com/simone-vibes/vibez/internal/tui/model.go:120.14,122.48 2 1
github.com/simone-vibes/vibez/internal/tui/model.go:124.18,126.55 1 13
github.com/simone-vibes/vibez/internal/tui/model.go:126.55,130.4 3 1
github.com/simone-vibes/vibez/internal/tui/model.go:132.3,132.10 1 12
github.com/simone-vibes/vibez/internal/tui/model.go:133.36,134.23 1 2
github.com/simone-vibes/vibez/internal/tui/model.go:134.23,136.5 1 1
github.com/simone-vibes/vibez/internal/tui/model.go:137.4,137.22 1 2
github.com/simone-vibes/vibez/internal/tui/model.go:139.36,140.28 1 1
github.com/simone-vibes/vibez/internal/tui/model.go:142.39,143.33 1 1
github.com/simone-vibes/vibez/internal/tui/model.go:144.41,145.28 1 1
github.com/simone-vibes/vibez/internal/tui/model.go:146.39,147.30 1 1
github.com/simone-vibes/vibez/internal/tui/model.go:148.42,149.29 1 1
github.com/simone-vibes/vibez/internal/tui/model.go:151.38,153.20 2 0
github.com/simone-vibes/vibez/internal/tui/model.go:155.41,156.44 1 1
github.com/simone-vibes/vibez/internal/tui/model.go:157.36,158.49 1 1
github.com/simone-vibes/vibez/internal/tui/model.go:158.49,158.75 1 1
github.com/simone-vibes/vibez/internal/tui/model.go:159.40,160.49 1 1
github.com/simone-vibes/vibez/internal/tui/model.go:160.49,160.79 1 1
github.com/simone-vibes/vibez/internal/tui/model.go:161.40,162.45 1 1
github.com/simone-vibes/vibez/internal/tui/model.go:163.42,164.46 1 1
github.com/simone-vibes/vibez/internal/tui/model.go:166.11,168.28 2 0
github.com/simone-vibes/vibez/internal/tui/model.go:172.2,172.30 1 15
github.com/simone-vibes/vibez/internal/tui/model.go:175.43,176.24 1 5
github.com/simone-vibes/vibez/internal/tui/model.go:176.24,177.22 1 5
github.com/simone-vibes/vibez/internal/tui/model.go:177.22,179.4 1 2
github.com/simone-vibes/vibez/internal/tui/model.go:180.3,180.28 1 3
github.com/simone-vibes/vibez/internal/tui/model.go:180.28,181.43 1 2
github.com/simone-vibes/vibez/internal/tui/model.go:181.43,183.5 1 1
github.com/simone-vibes/vibez/internal/tui/model.go:184.9,185.42 1 1
github.com/simone-vibes/vibez/internal/tui/model.go:185.42,187.5 1 0
github.com/simone-vibes/vibez/internal/tui/model.go:189.3,189.13 1 2
github.com/simone-vibes/vibez/internal/tui/model.go:193.52,194.24 1 5
github.com/simone-vibes/vibez/internal/tui/model.go:194.24,195.22 1 5
github.com/simone-vibes/vibez/internal/tui/model.go:195.22,197.4 1 1
github.com/simone-vibes/vibez/internal/tui/model.go:198.3,198.30 1 4
github.com/simone-vibes/vibez/internal/tui/model.go:198.30,200.4 1 0
github.com/simone-vibes/vibez/internal/tui/model.go:201.3,201.13 1 4
github.com/simone-vibes/vibez/internal/tui/model.go:205.53,206.24 1 5
github.com/simone-vibes/vibez/internal/tui/model.go:206.24,207.22 1 5
github.com/simone-vibes/vibez/internal/tui/model.go:207.22,209.4 1 1
github.com/simone-vibes/vibez/internal/tui/model.go:210.3,211.52 2 4
github.com/simone-vibes/vibez/internal/tui/model.go:211.52,213.4 1 0
github.com/simone-vibes/vibez/internal/tui/model.go:214.3,214.13 1 4
github.com/simone-vibes/vibez/internal/tui/model.go:218.58,219.22 1 4
github.com/simone-vibes/vibez/internal/tui/model.go:220.22,221.27 1 1
github.com/simone-vibes/vibez/internal/tui/model.go:222.17,223.22 1 1
github.com/simone-vibes/vibez/internal/tui/model.go:224.19,227.13 3 1
github.com/simone-vibes/vibez/internal/tui/model.go:228.18,231.13 3 1
github.com/simone-vibes/vibez/internal/tui/model.go:233.2,233.12 1 2
github.com/simone-vibes/vibez/internal/tui/model.go:236.31,237.18 1 3
github.com/simone-vibes/vibez/internal/tui/model.go:237.18,239.3 1 1
github.com/simone-vibes/vibez/internal/tui/model.go:241.2,245.22 4 2
github.com/simone-vibes/vibez/internal/tui/model.go:246.22,247.32 1 2
github.com/simone-vibes/vibez/internal/tui/model.go:248.17,249.27 1 0
github.com/simone-vibes/vibez/internal/tui/model.go:250.19,251.29 1 0
github.com/simone-vibes/vibez/internal/tui/model.go:252.18,253.28 1 0
github.com/simone-vibes/vibez/internal/tui/model.go:256.2,256.20 1 2
github.com/simone-vibes/vibez/internal/tui/model.go:256.20,258.3 1 1
github.com/simone-vibes/vibez/internal/tui/model.go:260.2,260.70 1 2
github.com/simone-vibes/vibez/internal/tui/model.go:263.39,269.2 5 3
github.com/simone-vibes/vibez/internal/tui/model.go:271.39,273.32 2 3
github.com/simone-vibes/vibez/internal/tui/model.go:273.32,276.28 3 0
github.com/simone-vibes/vibez/internal/tui/model.go:276.28,278.4 1 0
github.com/simone-vibes/vibez/internal/tui/model.go:279.3,279.68 1 0
github.com/simone-vibes/vibez/internal/tui/model.go:280.8,280.28 1 3
github.com/simone-vibes/vibez/internal/tui/model.go:280.28,282.3 1 3
github.com/simone-vibes/vibez/internal/tui/model.go:284.2,289.90 5 3
github.com/simone-vibes/vibez/internal/tui/model.go:292.37,294.2 1 6
github.com/simone-vibes/vibez/internal/tui/model.go:296.39,297.12 1 9
github.com/simone-vibes/vibez/internal/tui/model.go:297.12,299.3 1 2
github.com/simone-vibes/vibez/internal/tui/model.go:300.2,300.12 1 7
github.com/simone-vibes/vibez/internal/tui/model.go:300.12,302.3 1 2
github.com/simone-vibes/vibez/internal/tui/model.go:303.2,303.10 1 5
github.com/simone-vibes/vibez/internal/tui/model.go:306.24,307.11 1 15
github.com/simone-vibes/vibez/internal/tui/model.go:307.11,309.3 1 2
github.com/simone-vibes/vibez/internal/tui/model.go:310.2,310.10 1 13
github.com/simone-vibes/vibez/internal/auth/musickit.go:28.38,29.35 1 2
github.com/simone-vibes/vibez/internal/auth/musickit.go:29.35,38.3 1 1
github.com/simone-vibes/vibez/internal/auth/musickit.go:40.2,44.16 4 1
github.com/simone-vibes/vibez/internal/auth/musickit.go:44.16,46.3 1 0
github.com/simone-vibes/vibez/internal/auth/musickit.go:48.2,52.16 4 1
github.com/simone-vibes/vibez/internal/auth/musickit.go:52.16,54.3 1 0
github.com/simone-vibes/vibez/internal/auth/musickit.go:56.2,57.12 2 1
github.com/simone-vibes/vibez/internal/auth/musickit.go:57.12,58.80 1 1
github.com/simone-vibes/vibez/internal/auth/musickit.go:58.80,60.4 1 0
github.com/simone-vibes/vibez/internal/auth/musickit.go:63.2,72.24 7 1
github.com/simone-vibes/vibez/internal/auth/musickit.go:72.24,76.3 3 1
github.com/simone-vibes/vibez/internal/auth/musickit.go:78.2,78.9 1 1
github.com/simone-vibes/vibez/internal/auth/musickit.go:79.26,82.38 3 1
github.com/simone-vibes/vibez/internal/auth/musickit.go:82.38,84.4 1 0
github.com/simone-vibes/vibez/internal/auth/musickit.go:85.3,86.13 2 1
github.com/simone-vibes/vibez/internal/auth/musickit.go:87.22,89.48 2 0
github.com/simone-vibes/vibez/internal/auth/musickit.go:90.20,92.54 2 0
github.com/simone-vibes/vibez/internal/auth/musickit.go:97.39,99.37 2 2
github.com/simone-vibes/vibez/internal/auth/musickit.go:99.37,101.3 1 0
github.com/simone-vibes/vibez/internal/auth/musickit.go:102.2,103.12 2 2
github.com/simone-vibes/vibez/internal/auth/musickit.go:107.111,110.72 2 6
github.com/simone-vibes/vibez/internal/auth/musickit.go:110.72,114.18 2 1
github.com/simone-vibes/vibez/internal/auth/musickit.go:114.18,116.4 1 0
github.com/simone-vibes/vibez/internal/auth/musickit.go:119.2,119.75 1 6
github.com/simone-vibes/vibez/internal/auth/musickit.go:119.75,120.34 1 5
github.com/simone-vibes/vibez/internal/auth/musickit.go:120.34,123.4 2 1
github.com/simone-vibes/vibez/internal/auth/musickit.go:124.3,125.66 2 4
github.com/simone-vibes/vibez/internal/auth/musickit.go:125.66,129.4 3 1
github.com/simone-vibes/vibez/internal/auth/musickit.go:130.3,130.30 1 3
github.com/simone-vibes/vibez/internal/auth/musickit.go:130.30,134.4 3 1
github.com/simone-vibes/vibez/internal/auth/musickit.go:135.3,136.31 2 2
github.com/simone-vibes/vibez/internal/auth/musickit.go:139.2,139.12 1 6
